0 info it worked if it ends with ok
1 verbose cli [ 'node', '/usr/local/bin/npm', 'publish' ]
2 info using npm@2.5.1
3 info using node@v0.12.0
4 verbose node symlink /usr/local/bin/node
5 verbose publish [ '.' ]
6 silly cache add args [ '.', null ]
7 verbose cache add spec .
8 silly cache add parsed spec { raw: '.',
8 silly cache add   scope: null,
8 silly cache add   name: null,
8 silly cache add   rawSpec: '.',
8 silly cache add   spec: '/Users/Carcar/Dev/sensis/sapi',
8 silly cache add   type: 'directory' }
9 verbose addLocalDirectory /Users/Carcar/.npm/sapi/1.0.0/package.tgz not in flight; packing
10 verbose tar pack [ '/Users/Carcar/.npm/sapi/1.0.0/package.tgz',
10 verbose tar pack   '/Users/Carcar/Dev/sensis/sapi' ]
11 verbose tarball /Users/Carcar/.npm/sapi/1.0.0/package.tgz
12 verbose folder /Users/Carcar/Dev/sensis/sapi
13 info prepublish sapi@1.0.0
14 verbose addLocalTarball adding from inside cache /Users/Carcar/.npm/sapi/1.0.0/package.tgz
15 silly cache afterAdd sapi@1.0.0
16 verbose afterAdd /Users/Carcar/.npm/sapi/1.0.0/package/package.json not in flight; writing
17 verbose afterAdd /Users/Carcar/.npm/sapi/1.0.0/package/package.json written
18 silly publish { name: 'sapi',
18 silly publish   version: '1.0.0',
18 silly publish   description: 'A Node.js library for the Sensis.com.au API (SAPI)',
18 silly publish   main: 'index.js',
18 silly publish   engines: { node: '>=0.8.0' },
18 silly publish   repository: { type: 'git', url: 'git://github.com/MobiliseMe/sapi.git' },
18 silly publish   keywords: [ 'Sensis', 'Sapi', 'Node', 'API' ],
18 silly publish   author: { name: 'Mobilise Me' },
18 silly publish   license: 'MIT',
18 silly publish   dependencies: { querystring: '^0.2.0', request: '^2.55.0' },
18 silly publish   readme: 'Node.js Sensis.com.au API (SAPI) Library\n========================================\nA library for searching the Sensis.com.au API (SAPI) in Node.js\nBased upon official documentation and examples from other languages - <http://developers.sensis.com.au/docs> and <http://developers.sensis.com.au/docs/examples>\n\nDependencies\n------------\n\n* Node 0.8.X+\n\nInstallation\n------------\n> npm install sapi\n\nUsage\n------\n    \n    var sapi = require(\'sapi\');\n    sapi(query, options);\n\n\n## Where:\n* query:\n  Search params, includes: query, location, postcode, etc.\n  Should be passed as an object. Eg: {query: \'Restaurants\', location: \'Umina Beach\'}\n  To browse all supported search params, please see <http://developers.sensis.com.au/docs/endpoint_reference/Search>\n* options:\n  Search options, includes: key, environment.\n  Should be passed as an object. Eg: {key: \'XXXXXXXX\', environment: \'prod\'}\n  Key should be set to your API key. Environment should be set to either \'test\' or \'prod\' - defaults to \'test\'.\n\n### Examples\n\n    var sapi = require(\'sapi\');\n\n    var options = {\n      key: \'XXXXXXXX\', //Set to your API key\n      environment: \'test\' //either \'prod\' or \'test\'. Defaults to test,\n    }\n\n    //Define search params, \n    var query = {\n      query: \'Restaurants\',\n      location: \'Umina Beach\',\n      sortBy: \'distance\',\n      rows: 1\n    }\n\n    //Query SAPI\n    sapi(query, options, function(cb){\n      console.log("Your closest restaurant is: " + cb);\n    });\n\nFun Fact!\n------\n"SAPI", the acronym used for Sensis API, is also the Indonesian word for "cow". see (<http://id.wikipedia.org/wiki/Sapi>)\n\nTo-Do\n-----\n* see (<https://github.com/MobiliseMe/sapi/issues>)\n\nAuthor\n------\n\n* Mobilise Me (<http://mobiliseme.com.au/>)\n\nLicense:\n--------\n\n(The MIT License)\n\nPermission is hereby granted, free of charge, to any person obtaining\na copy of this software and associated documentation files (the\n\'Software\'), to deal in the Software without restriction, including\nwithout limitation the rights to use, copy, modify, merge, publish,\ndistribute, sublicense, and/or sell copies of the Software, and to\npermit persons to whom the Software is furnished to do so, subject to\nthe following conditions:\n\nThe above copyright notice and this permission notice shall be\nincluded in all copies or substantial portions of the Software.\n\nTHE SOFTWARE IS PROVIDED \'AS IS\', WITHOUT WARRANTY OF ANY KIND,\nEXPRESS OR IMPLIED, INCLUDING BUT NOT LIMITED TO THE WARRANTIES OF\nMERCHANTABILITY, FITNESS FOR A PARTICULAR PURPOSE AND NONINFRINGEMENT.\nIN NO EVENT SHALL THE AUTHORS OR COPYRIGHT HOLDERS BE LIABLE FOR ANY\nCLAIM, DAMAGES OR OTHER LIABILITY, WHETHER IN AN ACTION OF CONTRACT,\nTORT OR OTHERWISE, ARISING FROM, OUT OF OR IN CONNECTION WITH THE\nSOFTWARE OR THE USE OR OTHER DEALINGS IN THE SOFTWARE.',
18 silly publish   readmeFilename: 'readme.md',
18 silly publish   gitHead: '7ab6d7235f4be4d1603b563febabf729314346e1',
18 silly publish   bugs: { url: 'https://github.com/MobiliseMe/sapi/issues' },
18 silly publish   homepage: 'https://github.com/MobiliseMe/sapi',
18 silly publish   _id: 'sapi@1.0.0',
18 silly publish   scripts: {},
18 silly publish   _shasum: 'b496386c60f55d13407143fd86bdce6673c2f0f8',
18 silly publish   _from: '.' }
19 silly mapToRegistry name sapi
20 silly mapToRegistry using default registry
21 silly mapToRegistry registry https://registry.npmjs.org/
22 silly mapToRegistry uri https://registry.npmjs.org/sapi
23 verbose publish registryBase https://registry.npmjs.org/
24 silly publish uploading /Users/Carcar/.npm/sapi/1.0.0/package.tgz
25 verbose request uri https://registry.npmjs.org/sapi
26 verbose request sending authorization for write operation
27 info attempt registry request try #1 at 10:40:22 PM
28 verbose request using bearer token for auth
29 verbose request id 08963830744ff483
30 http request PUT https://registry.npmjs.org/sapi
31 http 404 https://registry.npmjs.org/sapi
32 verbose headers { 'content-type': 'application/json',
32 verbose headers   'cache-control': 'max-age=0',
32 verbose headers   'content-length': '21',
32 verbose headers   'accept-ranges': 'bytes',
32 verbose headers   date: 'Tue, 21 Apr 2015 14:40:24 GMT',
32 verbose headers   via: '1.1 varnish',
32 verbose headers   connection: 'keep-alive',
32 verbose headers   'x-served-by': 'cache-hkg6820-HKG',
32 verbose headers   'x-cache': 'MISS',
32 verbose headers   'x-cache-hits': '0',
32 verbose headers   'x-timer': 'S1429627222.921474,VS0,VE1156' }
33 verbose request invalidating /Users/Carcar/.npm/registry.npmjs.org/sapi on PUT
34 error publish Failed PUT 404
35 verbose stack Error: Not found : sapi
35 verbose stack     at CachingRegistryClient.<anonymous> (/usr/local/lib/node_modules/npm/node_modules/npm-registry-client/lib/request.js:254:14)
35 verbose stack     at Request._callback (/usr/local/lib/node_modules/npm/node_modules/npm-registry-client/lib/request.js:178:14)
35 verbose stack     at Request.self.callback (/usr/local/lib/node_modules/npm/node_modules/request/request.js:344:22)
35 verbose stack     at Request.emit (events.js:110:17)
35 verbose stack     at Request.<anonymous> (/usr/local/lib/node_modules/npm/node_modules/request/request.js:1239:14)
35 verbose stack     at Request.emit (events.js:129:20)
35 verbose stack     at IncomingMessage.<anonymous> (/usr/local/lib/node_modules/npm/node_modules/request/request.js:1187:12)
35 verbose stack     at IncomingMessage.emit (events.js:129:20)
35 verbose stack     at _stream_readable.js:908:16
35 verbose stack     at process._tickCallback (node.js:355:11)
36 verbose statusCode 404
37 verbose pkgid sapi
38 verbose cwd /Users/Carcar/Dev/sensis/sapi
39 error Darwin 14.1.0
40 error argv "node" "/usr/local/bin/npm" "publish"
41 error node v0.12.0
42 error npm  v2.5.1
43 error code E404
44 error 404 Not found : sapi
44 error 404
44 error 404 'sapi' is not in the npm registry.
44 error 404 You should bug the author to publish it (or use the name yourself!)
44 error 404
44 error 404 Note that you can also install from a
44 error 404 tarball, folder, http url, or git url.
45 verbose exit [ 1, true ]
